2024-04-18 21:37:45,770 INFO o.a.j.u.JMeterUtils: Setting Locale to en_EN
2024-04-18 21:37:45,801 INFO o.a.j.JMeter: Loading user properties from: user.properties
2024-04-18 21:37:45,817 INFO o.a.j.JMeter: Loading system properties from: system.properties
2024-04-18 21:37:45,817 INFO o.a.j.JMeter: Copyright (c) 1998-2019 The Apache Software Foundation
2024-04-18 21:37:45,817 INFO o.a.j.JMeter: Version 5.2.1
2024-04-18 21:37:45,817 INFO o.a.j.JMeter: java.version=21.0.1
2024-04-18 21:37:45,817 INFO o.a.j.JMeter: java.vm.name=Java HotSpot(TM) 64-Bit Server VM
2024-04-18 21:37:45,817 INFO o.a.j.JMeter: os.name=Windows 10
2024-04-18 21:37:45,817 INFO o.a.j.JMeter: os.arch=amd64
2024-04-18 21:37:45,817 INFO o.a.j.JMeter: os.version=10.0
2024-04-18 21:37:45,817 INFO o.a.j.JMeter: file.encoding=UTF-8
2024-04-18 21:37:45,817 INFO o.a.j.JMeter: java.awt.headless=null
2024-04-18 21:37:45,817 INFO o.a.j.JMeter: Max memory     =1073741824
2024-04-18 21:37:45,817 INFO o.a.j.JMeter: Available Processors =4
2024-04-18 21:37:45,833 INFO o.a.j.JMeter: Default Locale=English (EN)
2024-04-18 21:37:45,833 INFO o.a.j.JMeter: JMeter  Locale=English (EN)
2024-04-18 21:37:45,833 INFO o.a.j.JMeter: JMeterHome=D:\Jmeter\apache-jmeter-5.2.1
2024-04-18 21:37:45,833 INFO o.a.j.JMeter: user.dir  =D:\Jmeter\apache-jmeter-5.2.1\bin
2024-04-18 21:37:45,833 INFO o.a.j.JMeter: PWD       =D:\Jmeter\apache-jmeter-5.2.1\bin
2024-04-18 21:37:45,833 INFO o.a.j.JMeter: IP: 192.168.1.94 Name: DESKTOP-3CKC22A FullName: DESKTOP-3CKC22A.home
2024-04-18 21:37:46,092 INFO o.a.j.g.a.LookAndFeelCommand: Installing Darcula LAF
2024-04-18 21:37:46,107 INFO o.a.j.g.a.LookAndFeelCommand: Using look and feel: com.bulenkov.darcula.DarculaLaf [Darcula]
2024-04-18 21:37:46,107 INFO o.a.j.JMeter: Setting LAF to: com.bulenkov.darcula.DarculaLaf
2024-04-18 21:37:46,217 INFO o.a.j.JMeter: Loaded icon properties from org/apache/jmeter/images/icon.properties
2024-04-18 21:37:47,182 INFO o.j.r.JARSourceHTTP: Requesting https://jmeter-plugins.org/repo/?installID=windows_10-3767320670d772739e74f3f413a100e4-gui
2024-04-18 21:37:49,471 INFO o.j.r.PluginManager: Plugins Status: [jpgc-casutg=2.10, jpgc-plugins-manager=1.10, jmeter-core=5.2.1, jmeter-ftp=5.2.1, jmeter-http=5.2.1, jmeter-jdbc=5.2.1, jmeter-jms=5.2.1, jmeter-junit=5.2.1, jmeter-java=5.2.1, jmeter-ldap=5.2.1, jmeter-mail=5.2.1, jmeter-mongodb=5.2.1, jmeter-native=5.2.1, jmeter-tcp=5.2.1, jmeter-components=5.2.1]
2024-04-18 21:37:49,906 INFO o.a.j.p.h.s.HTTPSamplerBase: Parser for text/html is org.apache.jmeter.protocol.http.parser.LagartoBasedHtmlParser
2024-04-18 21:37:49,906 INFO o.a.j.p.h.s.HTTPSamplerBase: Parser for application/xhtml+xml is org.apache.jmeter.protocol.http.parser.LagartoBasedHtmlParser
2024-04-18 21:37:49,906 INFO o.a.j.p.h.s.HTTPSamplerBase: Parser for application/xml is org.apache.jmeter.protocol.http.parser.LagartoBasedHtmlParser
2024-04-18 21:37:49,906 INFO o.a.j.p.h.s.HTTPSamplerBase: Parser for text/xml is org.apache.jmeter.protocol.http.parser.LagartoBasedHtmlParser
2024-04-18 21:37:49,906 INFO o.a.j.p.h.s.HTTPSamplerBase: Parser for text/vnd.wap.wml is org.apache.jmeter.protocol.http.parser.RegexpHTMLParser
2024-04-18 21:37:49,906 INFO o.a.j.p.h.s.HTTPSamplerBase: Parser for text/css is org.apache.jmeter.protocol.http.parser.CssParser
2024-04-18 21:37:50,712 INFO o.a.j.e.KeyToolUtils: keytool found at 'keytool'
2024-04-18 21:37:50,712 INFO o.a.j.p.h.p.ProxyControl: HTTP(S) Test Script Recorder SSL Proxy will use keys that support embedded 3rd party resources in file D:\Jmeter\apache-jmeter-5.2.1\bin\proxyserver.jks
2024-04-18 21:37:50,993 INFO o.a.j.s.FileServer: Default base='D:\Jmeter\apache-jmeter-5.2.1\bin'
2024-04-18 21:37:52,024 INFO o.a.j.s.SampleResult: Note: Sample TimeStamps are START times
2024-04-18 21:37:52,024 INFO o.a.j.s.SampleResult: sampleresult.default.encoding is set to ISO-8859-1
2024-04-18 21:37:52,024 INFO o.a.j.s.SampleResult: sampleresult.useNanoTime=true
2024-04-18 21:37:52,024 INFO o.a.j.s.SampleResult: sampleresult.nanoThreadSleep=5000
2024-04-18 21:37:52,072 INFO o.a.j.v.ViewResultsFullVisualizer: Add JavaFX to your Java installation if you want to use renderer: org.apache.jmeter.visualizers.RenderInBrowser
2024-04-18 21:40:09,769 INFO o.a.j.v.ViewResultsFullVisualizer: Add JavaFX to your Java installation if you want to use renderer: org.apache.jmeter.visualizers.RenderInBrowser
2024-04-18 21:41:18,015 INFO o.a.j.e.StandardJMeterEngine: Running the test!
2024-04-18 21:41:18,021 INFO o.a.j.s.SampleEvent: List of sample_variables: []
2024-04-18 21:41:18,022 INFO o.a.j.s.SampleEvent: List of sample_variables: []
2024-04-18 21:41:18,024 INFO o.a.j.e.u.CompoundVariable: Note: Function class names must contain the string: '.functions.'
2024-04-18 21:41:18,024 INFO o.a.j.e.u.CompoundVariable: Note: Function class names must not contain the string: '.gui.'
2024-04-18 21:41:18,070 INFO o.a.j.g.u.JMeterMenuBar: setRunning(true, *local*)
2024-04-18 21:41:18,174 INFO o.a.j.e.StandardJMeterEngine: Starting ThreadGroup: 1 : Thread Group
2024-04-18 21:41:18,174 INFO o.a.j.e.StandardJMeterEngine: Starting 1 threads for group Thread Group.
2024-04-18 21:41:18,174 INFO o.a.j.e.StandardJMeterEngine: Thread will continue on error
2024-04-18 21:41:18,174 INFO o.a.j.t.ThreadGroup: Starting thread group... number=1 threads=1 ramp-up=1 delayedStart=false
2024-04-18 21:41:18,174 INFO o.a.j.t.ThreadGroup: Started thread group number 1
2024-04-18 21:41:18,174 INFO o.a.j.e.StandardJMeterEngine: All thread groups have been started
2024-04-18 21:41:18,190 INFO o.a.j.t.JMeterThread: Thread started: Thread Group 1-1
2024-04-18 21:41:18,190 INFO o.a.j.p.h.s.HTTPHCAbstractImpl: Local host = DESKTOP-3CKC22A
2024-04-18 21:41:18,205 INFO o.a.j.p.h.s.HTTPHC4Impl: HTTP request retry count = 0
2024-04-18 21:41:18,252 INFO o.a.j.p.h.s.h.LazyLayeredConnectionSocketFactory: Setting up HTTPS TrustAll Socket Factory
2024-04-18 21:41:18,252 INFO o.a.j.u.JsseSSLManager: Using default SSL protocol: TLS
2024-04-18 21:41:18,252 INFO o.a.j.u.JsseSSLManager: SSL session context: per-thread
2024-04-18 21:41:18,268 INFO o.a.j.u.SSLManager: JmeterKeyStore Location:  type JKS
2024-04-18 21:41:18,268 INFO o.a.j.u.SSLManager: KeyStore created OK
2024-04-18 21:41:18,268 WARN o.a.j.u.SSLManager: Keystore file not found, loading empty keystore
2024-04-18 21:41:18,408 INFO o.a.j.t.JMeterThread: Thread is done: Thread Group 1-1
2024-04-18 21:41:18,408 INFO o.a.j.t.JMeterThread: Thread finished: Thread Group 1-1
2024-04-18 21:41:18,408 INFO o.a.j.e.StandardJMeterEngine: Notifying test listeners of end of test
2024-04-18 21:41:18,408 INFO o.a.j.g.u.JMeterMenuBar: setRunning(false, *local*)
2024-04-18 21:41:51,758 INFO o.a.j.e.StandardJMeterEngine: Running the test!
2024-04-18 21:41:51,761 INFO o.a.j.s.SampleEvent: List of sample_variables: []
2024-04-18 21:41:51,763 INFO o.a.j.g.u.JMeterMenuBar: setRunning(true, *local*)
2024-04-18 21:41:51,826 INFO o.a.j.e.StandardJMeterEngine: Starting ThreadGroup: 1 : Thread Group
2024-04-18 21:41:51,826 INFO o.a.j.e.StandardJMeterEngine: Starting 1 threads for group Thread Group.
2024-04-18 21:41:51,826 INFO o.a.j.e.StandardJMeterEngine: Thread will continue on error
2024-04-18 21:41:51,826 INFO o.a.j.t.ThreadGroup: Starting thread group... number=1 threads=1 ramp-up=1 delayedStart=false
2024-04-18 21:41:51,826 INFO o.a.j.t.ThreadGroup: Started thread group number 1
2024-04-18 21:41:51,826 INFO o.a.j.e.StandardJMeterEngine: All thread groups have been started
2024-04-18 21:41:51,841 INFO o.a.j.t.JMeterThread: Thread started: Thread Group 1-1
2024-04-18 21:41:51,904 INFO o.a.j.t.JMeterThread: Thread is done: Thread Group 1-1
2024-04-18 21:41:51,904 INFO o.a.j.t.JMeterThread: Thread finished: Thread Group 1-1
2024-04-18 21:41:51,904 INFO o.a.j.e.StandardJMeterEngine: Notifying test listeners of end of test
2024-04-18 21:41:51,904 INFO o.a.j.g.u.JMeterMenuBar: setRunning(false, *local*)
2024-04-18 21:42:11,666 INFO o.a.j.s.FileServer: Set new base='D:\Jmeter\apache-jmeter-5.2.1\bin'
2024-04-18 21:42:11,979 INFO o.a.j.s.SaveService: Testplan (JMX) version: 2.2. Testlog (JTL) version: 2.2
2024-04-18 21:42:11,979 INFO o.a.j.s.SaveService: Using SaveService properties version 5.0
2024-04-18 21:42:11,979 INFO o.a.j.s.SaveService: Using SaveService properties file encoding UTF-8
2024-04-18 21:42:12,026 INFO o.a.j.e.StandardJMeterEngine: Running the test!
2024-04-18 21:42:12,026 INFO o.a.j.s.SampleEvent: List of sample_variables: []
2024-04-18 21:42:12,026 INFO o.a.j.g.u.JMeterMenuBar: setRunning(true, *local*)
2024-04-18 21:42:12,088 INFO o.a.j.e.StandardJMeterEngine: Starting ThreadGroup: 1 : Thread Group
2024-04-18 21:42:12,088 INFO o.a.j.e.StandardJMeterEngine: Starting 1 threads for group Thread Group.
2024-04-18 21:42:12,088 INFO o.a.j.e.StandardJMeterEngine: Thread will continue on error
2024-04-18 21:42:12,088 INFO o.a.j.t.ThreadGroup: Starting thread group... number=1 threads=1 ramp-up=1 delayedStart=false
2024-04-18 21:42:12,088 INFO o.a.j.t.ThreadGroup: Started thread group number 1
2024-04-18 21:42:12,088 INFO o.a.j.e.StandardJMeterEngine: All thread groups have been started
2024-04-18 21:42:12,088 INFO o.a.j.t.JMeterThread: Thread started: Thread Group 1-1
2024-04-18 21:42:12,166 INFO o.a.j.t.JMeterThread: Thread is done: Thread Group 1-1
2024-04-18 21:42:12,166 INFO o.a.j.t.JMeterThread: Thread finished: Thread Group 1-1
2024-04-18 21:42:12,166 INFO o.a.j.e.StandardJMeterEngine: Notifying test listeners of end of test
2024-04-18 21:42:12,166 INFO o.a.j.g.u.JMeterMenuBar: setRunning(false, *local*)
2024-04-18 21:42:13,664 INFO o.a.j.e.StandardJMeterEngine: Running the test!
2024-04-18 21:42:13,665 INFO o.a.j.s.SampleEvent: List of sample_variables: []
2024-04-18 21:42:13,666 INFO o.a.j.g.u.JMeterMenuBar: setRunning(true, *local*)
2024-04-18 21:42:13,729 INFO o.a.j.e.StandardJMeterEngine: Starting ThreadGroup: 1 : Thread Group
2024-04-18 21:42:13,729 INFO o.a.j.e.StandardJMeterEngine: Starting 1 threads for group Thread Group.
2024-04-18 21:42:13,729 INFO o.a.j.e.StandardJMeterEngine: Thread will continue on error
2024-04-18 21:42:13,729 INFO o.a.j.t.ThreadGroup: Starting thread group... number=1 threads=1 ramp-up=1 delayedStart=false
2024-04-18 21:42:13,729 INFO o.a.j.t.ThreadGroup: Started thread group number 1
2024-04-18 21:42:13,729 INFO o.a.j.e.StandardJMeterEngine: All thread groups have been started
2024-04-18 21:42:13,729 INFO o.a.j.t.JMeterThread: Thread started: Thread Group 1-1
2024-04-18 21:42:13,791 INFO o.a.j.t.JMeterThread: Thread is done: Thread Group 1-1
2024-04-18 21:42:13,791 INFO o.a.j.t.JMeterThread: Thread finished: Thread Group 1-1
2024-04-18 21:42:13,791 INFO o.a.j.e.StandardJMeterEngine: Notifying test listeners of end of test
2024-04-18 21:42:13,791 INFO o.a.j.g.u.JMeterMenuBar: setRunning(false, *local*)
2024-04-18 21:45:36,021 INFO o.a.j.e.StandardJMeterEngine: Running the test!
2024-04-18 21:45:36,021 INFO o.a.j.s.SampleEvent: List of sample_variables: []
2024-04-18 21:45:36,021 INFO o.a.j.g.u.JMeterMenuBar: setRunning(true, *local*)
2024-04-18 21:45:36,067 INFO o.a.j.e.StandardJMeterEngine: Starting ThreadGroup: 1 : Thread Group
2024-04-18 21:45:36,067 INFO o.a.j.e.StandardJMeterEngine: Starting 1 threads for group Thread Group.
2024-04-18 21:45:36,067 INFO o.a.j.e.StandardJMeterEngine: Thread will continue on error
2024-04-18 21:45:36,067 INFO o.a.j.t.ThreadGroup: Starting thread group... number=1 threads=1 ramp-up=1 delayedStart=false
2024-04-18 21:45:36,067 INFO o.a.j.t.ThreadGroup: Started thread group number 1
2024-04-18 21:45:36,067 INFO o.a.j.e.StandardJMeterEngine: All thread groups have been started
2024-04-18 21:45:36,083 INFO o.a.j.t.JMeterThread: Thread started: Thread Group 1-1
2024-04-18 21:45:36,427 INFO o.a.j.t.JMeterThread: Thread is done: Thread Group 1-1
2024-04-18 21:45:36,427 INFO o.a.j.t.JMeterThread: Thread finished: Thread Group 1-1
2024-04-18 21:45:36,427 INFO o.a.j.e.StandardJMeterEngine: Notifying test listeners of end of test
2024-04-18 21:45:36,427 INFO o.a.j.g.u.JMeterMenuBar: setRunning(false, *local*)
