2023-01-14 13:13:48,313 INFO o.a.j.u.JMeterUtils: Setting Locale to en_EN
2023-01-14 13:13:48,346 INFO o.a.j.JMeter: Loading user properties from: user.properties
2023-01-14 13:13:48,347 INFO o.a.j.JMeter: Loading system properties from: system.properties
2023-01-14 13:13:48,350 INFO o.a.j.JMeter: Copyright (c) 1998-2019 The Apache Software Foundation
2023-01-14 13:13:48,350 INFO o.a.j.JMeter: Version 5.2.1
2023-01-14 13:13:48,350 INFO o.a.j.JMeter: java.version=19.0.1
2023-01-14 13:13:48,350 INFO o.a.j.JMeter: java.vm.name=Java HotSpot(TM) 64-Bit Server VM
2023-01-14 13:13:48,351 INFO o.a.j.JMeter: os.name=Windows 10
2023-01-14 13:13:48,352 INFO o.a.j.JMeter: os.arch=amd64
2023-01-14 13:13:48,353 INFO o.a.j.JMeter: os.version=10.0
2023-01-14 13:13:48,353 INFO o.a.j.JMeter: file.encoding=UTF-8
2023-01-14 13:13:48,353 INFO o.a.j.JMeter: java.awt.headless=true
2023-01-14 13:13:48,353 INFO o.a.j.JMeter: Max memory     =1073741824
2023-01-14 13:13:48,353 INFO o.a.j.JMeter: Available Processors =4
2023-01-14 13:13:48,387 INFO o.a.j.JMeter: Default Locale=English (EN)
2023-01-14 13:13:48,387 INFO o.a.j.JMeter: JMeter  Locale=English (EN)
2023-01-14 13:13:48,387 INFO o.a.j.JMeter: JMeterHome=C:\Jmeter\apache-jmeter-5.2.1
2023-01-14 13:13:48,387 INFO o.a.j.JMeter: user.dir  =C:\Jmeter\apache-jmeter-5.2.1\bin
2023-01-14 13:13:48,388 INFO o.a.j.JMeter: PWD       =C:\Jmeter\apache-jmeter-5.2.1\bin
2023-01-14 13:13:48,392 INFO o.a.j.JMeter: IP: 192.168.1.94 Name: DESKTOP-3CKC22A FullName: DESKTOP-3CKC22A.home
2023-01-14 13:13:48,439 INFO o.a.j.r.RmiUtils: System property 'java.rmi.server.hostname' is not defined, using localHost address
2023-01-14 13:13:48,440 INFO o.a.j.r.RmiUtils: Local IP address=192.168.1.94
2023-01-14 13:13:48,461 ERROR o.a.j.JMeter: Giving up, as server failed with:
java.rmi.server.ExportException: Listen failed on port: 0; nested exception is: 
	java.io.FileNotFoundException: rmi_keystore.jks (The system cannot find the file specified)
	at sun.rmi.transport.tcp.TCPTransport.listen(TCPTransport.java:358) ~[?:?]
	at sun.rmi.transport.tcp.TCPTransport.exportObject(TCPTransport.java:251) ~[?:?]
	at sun.rmi.transport.tcp.TCPEndpoint.exportObject(TCPEndpoint.java:415) ~[?:?]
	at sun.rmi.transport.LiveRef.exportObject(LiveRef.java:147) ~[?:?]
	at sun.rmi.server.UnicastServerRef.exportObject(UnicastServerRef.java:235) ~[?:?]
	at java.rmi.server.UnicastRemoteObject.exportObject(UnicastRemoteObject.java:475) ~[?:?]
	at java.rmi.server.UnicastRemoteObject.exportObject(UnicastRemoteObject.java:386) ~[?:?]
	at java.rmi.server.UnicastRemoteObject.<init>(UnicastRemoteObject.java:259) ~[?:?]
	at org.apache.jmeter.engine.RemoteJMeterEngineImpl.<init>(RemoteJMeterEngineImpl.java:67) ~[ApacheJMeter_core.jar:5.2.1]
	at org.apache.jmeter.engine.RemoteJMeterEngineImpl.startServer(RemoteJMeterEngineImpl.java:73) ~[ApacheJMeter_core.jar:5.2.1]
	at org.apache.jmeter.JMeter.start(JMeter.java:522) [ApacheJMeter_core.jar:5.2.1]
	at jdk.internal.reflect.DirectMethodHandleAccessor.invoke(DirectMethodHandleAccessor.java:104) ~[?:?]
	at java.lang.reflect.Method.invoke(Method.java:578) ~[?:?]
	at org.apache.jmeter.NewDriver.main(NewDriver.java:253) [ApacheJMeter.jar:5.2.1]
Caused by: java.io.FileNotFoundException: rmi_keystore.jks (The system cannot find the file specified)
	at java.io.FileInputStream.open0(Native Method) ~[?:?]
	at java.io.FileInputStream.open(FileInputStream.java:219) ~[?:?]
	at java.io.FileInputStream.<init>(FileInputStream.java:158) ~[?:?]
	at java.io.FileInputStream.<init>(FileInputStream.java:112) ~[?:?]
	at org.apache.jmeter.rmi.SSLRMIServerSocketFactory.loadStore(SSLRMIServerSocketFactory.java:148) ~[ApacheJMeter_core.jar:5.2.1]
	at org.apache.jmeter.rmi.SSLRMIServerSocketFactory.createServerSocket(SSLRMIServerSocketFactory.java:100) ~[ApacheJMeter_core.jar:5.2.1]
	at sun.rmi.transport.tcp.TCPEndpoint.newServerSocket(TCPEndpoint.java:673) ~[?:?]
	at sun.rmi.transport.tcp.TCPTransport.listen(TCPTransport.java:344) ~[?:?]
	... 13 more
2023-01-14 13:13:48,481 ERROR o.a.j.JMeter: An error occurred: 
java.rmi.server.ExportException: Listen failed on port: 0; nested exception is: 
	java.io.FileNotFoundException: rmi_keystore.jks (The system cannot find the file specified)
	at sun.rmi.transport.tcp.TCPTransport.listen(TCPTransport.java:358) ~[?:?]
	at sun.rmi.transport.tcp.TCPTransport.exportObject(TCPTransport.java:251) ~[?:?]
	at sun.rmi.transport.tcp.TCPEndpoint.exportObject(TCPEndpoint.java:415) ~[?:?]
	at sun.rmi.transport.LiveRef.exportObject(LiveRef.java:147) ~[?:?]
	at sun.rmi.server.UnicastServerRef.exportObject(UnicastServerRef.java:235) ~[?:?]
	at java.rmi.server.UnicastRemoteObject.exportObject(UnicastRemoteObject.java:475) ~[?:?]
	at java.rmi.server.UnicastRemoteObject.exportObject(UnicastRemoteObject.java:386) ~[?:?]
	at java.rmi.server.UnicastRemoteObject.<init>(UnicastRemoteObject.java:259) ~[?:?]
	at org.apache.jmeter.engine.RemoteJMeterEngineImpl.<init>(RemoteJMeterEngineImpl.java:67) ~[ApacheJMeter_core.jar:5.2.1]
	at org.apache.jmeter.engine.RemoteJMeterEngineImpl.startServer(RemoteJMeterEngineImpl.java:73) ~[ApacheJMeter_core.jar:5.2.1]
	at org.apache.jmeter.JMeter.start(JMeter.java:522) [ApacheJMeter_core.jar:5.2.1]
	at jdk.internal.reflect.DirectMethodHandleAccessor.invoke(DirectMethodHandleAccessor.java:104) ~[?:?]
	at java.lang.reflect.Method.invoke(Method.java:578) ~[?:?]
	at org.apache.jmeter.NewDriver.main(NewDriver.java:253) [ApacheJMeter.jar:5.2.1]
Caused by: java.io.FileNotFoundException: rmi_keystore.jks (The system cannot find the file specified)
	at java.io.FileInputStream.open0(Native Method) ~[?:?]
	at java.io.FileInputStream.open(FileInputStream.java:219) ~[?:?]
	at java.io.FileInputStream.<init>(FileInputStream.java:158) ~[?:?]
	at java.io.FileInputStream.<init>(FileInputStream.java:112) ~[?:?]
	at org.apache.jmeter.rmi.SSLRMIServerSocketFactory.loadStore(SSLRMIServerSocketFactory.java:148) ~[ApacheJMeter_core.jar:5.2.1]
	at org.apache.jmeter.rmi.SSLRMIServerSocketFactory.createServerSocket(SSLRMIServerSocketFactory.java:100) ~[ApacheJMeter_core.jar:5.2.1]
	at sun.rmi.transport.tcp.TCPEndpoint.newServerSocket(TCPEndpoint.java:673) ~[?:?]
	at sun.rmi.transport.tcp.TCPTransport.listen(TCPTransport.java:344) ~[?:?]
	... 13 more
